Unity Editor version:    2022.3.12f1 (4fe6e059c7ef)
Branch:                  2022.3/release
Build type:              Release
Batch mode:              YES
macOS version:           Version 14.3.1 (Build 23D60)
Darwin version:          23.3.0
Architecture:            x86_64
Running under Rosetta:   NO
Available memory:        8192 MB
Using pre-set license
Pro License: YES

COMMAND LINE ARGUMENTS:
/Applications/Unity/Hub/Editor/2022.3.12f1/Unity.app/Contents/MacOS/Unity
-adb2
-batchMode
-noUpm
-name
AssetImportWorker0
-projectPath
/Users/divijadiwan/Documents/GitHub/islefinal/Smellexperience
-logFile
Logs/AssetImportWorker0.log
-srvPort
49392
Successfully changed project path to: /Users/divijadiwan/Documents/GitHub/islefinal/Smellexperience
/Users/divijadiwan/Documents/GitHub/islefinal/Smellexperience
[UnityMemory] Configuration Parameters - Can be set up in boot.config
    "memorysetup-bucket-allocator-granularity=16"
    "memorysetup-bucket-allocator-bucket-count=8"
    "memorysetup-bucket-allocator-block-size=33554432"
    "memorysetup-bucket-allocator-block-count=8"
    "memorysetup-main-allocator-block-size=16777216"
    "memorysetup-thread-allocator-block-size=16777216"
    "memorysetup-gfx-main-allocator-block-size=16777216"
    "memorysetup-gfx-thread-allocator-block-size=16777216"
    "memorysetup-cache-allocator-block-size=4194304"
    "memorysetup-typetree-allocator-block-size=2097152"
    "memorysetup-profiler-bucket-allocator-granularity=16"
    "memorysetup-profiler-bucket-allocator-bucket-count=8"
    "memorysetup-profiler-bucket-allocator-block-size=33554432"
    "memorysetup-profiler-bucket-allocator-block-count=8"
    "memorysetup-profiler-allocator-block-size=16777216"
    "memorysetup-profiler-editor-allocator-block-size=1048576"
    "memorysetup-temp-allocator-size-main=16777216"
    "memorysetup-job-temp-allocator-block-size=2097152"
    "memorysetup-job-temp-allocator-block-size-background=1048576"
    "memorysetup-job-temp-allocator-reduction-small-platforms=262144"
    "memorysetup-allocator-temp-initial-block-size-main=262144"
    "memorysetup-allocator-temp-initial-block-size-worker=262144"
    "memorysetup-temp-allocator-size-background-worker=32768"
    "memorysetup-temp-allocator-size-job-worker=262144"
    "memorysetup-temp-allocator-size-preload-manager=33554432"
    "memorysetup-temp-allocator-size-nav-mesh-worker=65536"
    "memorysetup-temp-allocator-size-audio-worker=65536"
    "memorysetup-temp-allocator-size-cloud-worker=32768"
    "memorysetup-temp-allocator-size-gi-baking-worker=262144"
    "memorysetup-temp-allocator-size-gfx=262144"
Player connection [140704468150208] Host "[IP] 149.31.163.204 [Port] 0 [Flags] 2 [Guid] 66118835 [EditorId] 66118835 [Version] 1048832 [Id] OSXEditor(0,Divijas-MacBook-Pro.local) [Debug] 1 [PackageName] OSXEditor [ProjectName] Editor" joined multi-casting on [225.0.0.222:54997]...

Player connection [140704468150208] Host "[IP] 149.31.163.204 [Port] 0 [Flags] 2 [Guid] 66118835 [EditorId] 66118835 [Version] 1048832 [Id] OSXEditor(0,Divijas-MacBook-Pro.local) [Debug] 1 [PackageName] OSXEditor [ProjectName] Editor" joined alternative multi-casting on [225.0.0.222:34997]...

[Physics::Module] Initialized MultithreadedJobDispatcher with 7 workers.
Refreshing native plugins compatible for Editor in 19.08 ms, found 2 plugins.
Preloading 0 native plugins for Editor in 0.00 ms.
Initialize engine version: 2022.3.12f1 (4fe6e059c7ef)
[Subsystems] Discovering subsystems at path /Applications/Unity/Hub/Editor/2022.3.12f1/Unity.app/Contents/Resources/UnitySubsystems
[Subsystems] Discovering subsystems at path /Users/divijadiwan/Documents/GitHub/islefinal/Smellexperience/Assets
GfxDevice: creating device client; threaded=0; jobified=0
Color LCD preferred device: Intel(R) Iris(TM) Plus Graphics 645 (low power)
Metal devices available: 1
0: Intel(R) Iris(TM) Plus Graphics 645 (low power)
Using device Intel(R) Iris(TM) Plus Graphics 645 (low power)
Initializing Metal device caps: Intel(R) Iris(TM) Plus Graphics 645
Initialize mono
Mono path[0] = '/Applications/Unity/Hub/Editor/2022.3.12f1/Unity.app/Contents/Managed'
Mono path[1] = '/Applications/Unity/Hub/Editor/2022.3.12f1/Unity.app/Contents/MonoBleedingEdge/lib/mono/unityjit-macos'
Mono config path = '/Applications/Unity/Hub/Editor/2022.3.12f1/Unity.app/Contents/MonoBleedingEdge/etc'
Using monoOptions --debugger-agent=transport=dt_socket,embedding=1,server=y,suspend=n,address=127.0.0.1:56386
Begin MonoManager ReloadAssembly
Registering precompiled unity dll's ...
Register platform support module: /Applications/Unity/Hub/Editor/2022.3.12f1/PlaybackEngines/WebGLSupport/UnityEditor.WebGL.Extensions.dll
Register platform support module: /Applications/Unity/Hub/Editor/2022.3.12f1/Unity.app/Contents/PlaybackEngines/MacStandaloneSupport/UnityEditor.OSXStandalone.Extensions.dll
Registered in 0.007013 seconds.
- Loaded All Assemblies, in  0.582 seconds
Native extension for OSXStandalone target not found
Native extension for WebGL target not found
Mono: successfully reloaded assembly
- Finished resetting the current domain, in  0.363 seconds
Domain Reload Profiling: 945ms
	BeginReloadAssembly (185ms)
		ExecutionOrderSort (0ms)
		DisableScriptedObjects (0ms)
		BackupInstance (0ms)
		ReleaseScriptingObjects (0ms)
		CreateAndSetChildDomain (1ms)
	RebuildCommonClasses (60ms)
	RebuildNativeTypeToScriptingClass (19ms)
	initialDomainReloadingComplete (79ms)
	LoadAllAssembliesAndSetupDomain (238ms)
		LoadAssemblies (186ms)
		RebuildTransferFunctionScriptingTraits (0ms)
		AnalyzeDomain (234ms)
			TypeCache.Refresh (231ms)
				TypeCache.ScanAssembly (210ms)
			ScanForSourceGeneratedMonoScriptInfo (0ms)
			ResolveRequiredComponents (1ms)
	FinalizeReload (364ms)
		ReleaseScriptCaches (0ms)
		RebuildScriptCaches (0ms)
		SetupLoadedEditorAssemblies (275ms)
			LogAssemblyErrors (0ms)
			InitializePlatformSupportModulesInManaged (10ms)
			SetLoadedEditorAssemblies (8ms)
			RefreshPlugins (0ms)
			BeforeProcessingInitializeOnLoad (3ms)
			ProcessInitializeOnLoadAttributes (188ms)
			ProcessInitializeOnLoadMethodAttributes (65ms)
			AfterProcessingInitializeOnLoad (0ms)
			EditorAssembliesLoaded (0ms)
		ExecutionOrderSort2 (0ms)
		AwakeInstancesAfterBackupRestoration (0ms)
========================================================================
Worker process is ready to serve import requests
Begin MonoManager ReloadAssembly
- Loaded All Assemblies, in  1.030 seconds
Refreshing native plugins compatible for Editor in 1.38 ms, found 2 plugins.
Native extension for OSXStandalone target not found
Native extension for WebGL target not found
Package Manager log level set to [2]
[Package Manager] Server::EnsureServerProcessIsRunning -- launch failed, reason: Unity was launched with the -noUpm command-line argument
[Package Manager] UpmClient::Send -- Unable to send message (not connected to UPM process).
[Package Manager] Cannot connect to Unity Package Manager local server
Mono: successfully reloaded assembly
- Finished resetting the current domain, in  1.017 seconds
Domain Reload Profiling: 2047ms
	BeginReloadAssembly (187ms)
		ExecutionOrderSort (0ms)
		DisableScriptedObjects (8ms)
		BackupInstance (0ms)
		ReleaseScriptingObjects (0ms)
		CreateAndSetChildDomain (37ms)
	RebuildCommonClasses (53ms)
	RebuildNativeTypeToScriptingClass (16ms)
	initialDomainReloadingComplete (51ms)
	LoadAllAssembliesAndSetupDomain (723ms)
		LoadAssemblies (520ms)
		RebuildTransferFunctionScriptingTraits (0ms)
		AnalyzeDomain (293ms)
			TypeCache.Refresh (258ms)
				TypeCache.ScanAssembly (231ms)
			ScanForSourceGeneratedMonoScriptInfo (24ms)
			ResolveRequiredComponents (6ms)
	FinalizeReload (1017ms)
		ReleaseScriptCaches (0ms)
		RebuildScriptCaches (0ms)
		SetupLoadedEditorAssemblies (790ms)
			LogAssemblyErrors (0ms)
			InitializePlatformSupportModulesInManaged (7ms)
			SetLoadedEditorAssemblies (5ms)
			RefreshPlugins (0ms)
			BeforeProcessingInitializeOnLoad (72ms)
			ProcessInitializeOnLoadAttributes (674ms)
			ProcessInitializeOnLoadMethodAttributes (30ms)
			AfterProcessingInitializeOnLoad (1ms)
			EditorAssembliesLoaded (0ms)
		ExecutionOrderSort2 (0ms)
		AwakeInstancesAfterBackupRestoration (6ms)
Launching external process: /Applications/Unity/Hub/Editor/2022.3.12f1/Unity.app/Contents/Tools/UnityShaderCompiler
Launched and connected shader compiler UnityShaderCompiler after 0.09 seconds
Refreshing native plugins compatible for Editor in 1.58 ms, found 2 plugins.
Preloading 0 native plugins for Editor in 0.00 ms.
Unloading 3466 Unused Serialized files (Serialized files now loaded: 0)
Unloading 39 unused Assets / (103.2 KB). Loaded Objects now: 3929.
Memory consumption went from 142.4 MB to 142.3 MB.
Total: 5.027615 ms (FindLiveObjects: 0.380049 ms CreateObjectMapping: 0.264492 ms MarkObjects: 4.156226 ms  DeleteObjects: 0.225268 ms)

AssetImportParameters requested are different than current active one (requested -> active):
  custom:container-demuxer-ogg: 62fdf1f143b41e24485cea50d1cbac27 -> 
  custom:video-decoder-ogg-theora: a1e56fd34408186e4bbccfd4996cb3dc -> 
  custom:CustomObjectIndexerAttribute: 756ad292c208cfabdd7b50bc23989ffe -> 
  custom:container-demuxer-webm: 4f35f7cbe854078d1ac9338744f61a02 -> 
  custom:container-muxer-webm: aa71ff27fc2769a1b78a27578f13a17b -> 
  custom:video-decoder-webm-vp8: 9c59270c3fd7afecdb556c50c9e8de78 -> 
  custom:SearchIndexIgnoredProperties: e643bd26f0fe6173181afceb89e7c659 -> 
  custom:AudioImporter_EditorPlatform: 3918e3fc78b5a79bad01e8451be0beb8 -> 
  custom:framework-osx-AVFoundation: e770b220cccbd017edd2c1fefb359320 -> 
  custom:video-encoder-webm-vp8: eb34c28f22e8b96e1ab97ce403110664 -> 
  custom:audio-decoder-ogg-vorbis: bf7c407c2cedff20999df2af8eb42d56 -> 
  custom:audio-encoder-webm-vorbis: bf7c407c2cedff20999df2af8eb42d56 -> 
========================================================================
Received Import Request.
  Time since last request: 528.288479 seconds.
  path: Assets/Yughues Fabric Materials/Carpet 06/diffuse.tga
  artifactKey: Guid(27a5e6a5b2a0fc14192c1f23cfe57115) Importer(815301076,1909f56bfc062723c751e8b465ee728b)
Start importing Assets/Yughues Fabric Materials/Carpet 06/diffuse.tga using Guid(27a5e6a5b2a0fc14192c1f23cfe57115) Importer(815301076,1909f56bfc062723c751e8b465ee728b)  -> (artifact id: 'e640ab764da7baf515a41601b0fe311b') in 0.085551 seconds
Number of updated asset objects reloaded before import = 0
Number of asset objects unloaded after import = 2
========================================================================
Received Import Request.
  Time since last request: 0.000059 seconds.
  path: Assets/Yughues Fabric Materials/Carpet 06/Materials/diffuse.mat
  artifactKey: Guid(c38501052e3dd454193a62f2816ceaa1) Importer(815301076,1909f56bfc062723c751e8b465ee728b)
Start importing Assets/Yughues Fabric Materials/Carpet 06/Materials/diffuse.mat using Guid(c38501052e3dd454193a62f2816ceaa1) Importer(815301076,1909f56bfc062723c751e8b465ee728b)  -> (artifact id: '0b1a1810a477b818f1deb387f51bd7fd') in 0.136747 seconds
Number of updated asset objects reloaded before import = 0
Number of asset objects unloaded after import = 2
========================================================================
Received Import Request.
  Time since last request: 0.000112 seconds.
  path: Assets/Yughues Fabric Materials/Carpet 06/normal.tga
  artifactKey: Guid(01936164a29455444bfb786b1f82e964) Importer(815301076,1909f56bfc062723c751e8b465ee728b)
Start importing Assets/Yughues Fabric Materials/Carpet 06/normal.tga using Guid(01936164a29455444bfb786b1f82e964) Importer(815301076,1909f56bfc062723c751e8b465ee728b)  -> (artifact id: 'ed30e8c1cdf6a56ef56991d350e1fd19') in 0.175623 seconds
Number of updated asset objects reloaded before import = 0
Number of asset objects unloaded after import = 2
========================================================================
Received Import Request.
  Time since last request: 9.648589 seconds.
  path: Assets/Yughues Fabric Materials/Carpet 04/Materials/normal.mat
  artifactKey: Guid(5477c3a3733d847f79c19adbe366b7d0) Importer(815301076,1909f56bfc062723c751e8b465ee728b)
Start importing Assets/Yughues Fabric Materials/Carpet 04/Materials/normal.mat using Guid(5477c3a3733d847f79c19adbe366b7d0) Importer(815301076,1909f56bfc062723c751e8b465ee728b)  -> (artifact id: '2e4a9e58ceff281b77970620c03d8f32') in 0.033358 seconds
Number of updated asset objects reloaded before import = 0
Number of asset objects unloaded after import = 2
========================================================================
Received Import Request.
  Time since last request: 15.711133 seconds.
  path: Assets/Yughues Fabric Materials/Carpet 07
  artifactKey: Guid(fbb8c3de3400d474c9ebbec28fce7a75) Importer(815301076,1909f56bfc062723c751e8b465ee728b)
Start importing Assets/Yughues Fabric Materials/Carpet 07 using Guid(fbb8c3de3400d474c9ebbec28fce7a75) Importer(815301076,1909f56bfc062723c751e8b465ee728b)  -> (artifact id: 'd0855128218a38a634b4575fdf098e3d') in 0.000650 seconds
Number of updated asset objects reloaded before import = 0
Number of asset objects unloaded after import = 0
========================================================================
Received Import Request.
  Time since last request: 0.083618 seconds.
  path: Assets/Yughues Fabric Materials/Carpet 07/Carpet pattern 07.mat
  artifactKey: Guid(a21b4e9e8b4786c41bf682397020cf40) Importer(815301076,1909f56bfc062723c751e8b465ee728b)
Start importing Assets/Yughues Fabric Materials/Carpet 07/Carpet pattern 07.mat using Guid(a21b4e9e8b4786c41bf682397020cf40) Importer(815301076,1909f56bfc062723c751e8b465ee728b)  -> (artifact id: '818018b0515ca046c8e0c1671e4ffb59') in 0.025057 seconds
Number of updated asset objects reloaded before import = 0
Number of asset objects unloaded after import = 3
========================================================================
Received Import Request.
  Time since last request: 0.000063 seconds.
  path: Assets/Yughues Fabric Materials/Carpet 07/normal.tga
  artifactKey: Guid(84dbbca13312bd64bb813e2fb89a5b1d) Importer(815301076,1909f56bfc062723c751e8b465ee728b)
Start importing Assets/Yughues Fabric Materials/Carpet 07/normal.tga using Guid(84dbbca13312bd64bb813e2fb89a5b1d) Importer(815301076,1909f56bfc062723c751e8b465ee728b)  -> (artifact id: '1525bf0a8ccf23ea6cc7b71d48aeea64') in 0.013005 seconds
Number of updated asset objects reloaded before import = 0
Number of asset objects unloaded after import = 2
========================================================================
Received Import Request.
  Time since last request: 9.162191 seconds.
  path: Assets/Yughues Fabric Materials/Carpet 05
  artifactKey: Guid(2cb8caae1ad574f75a7d26939be7ade1) Importer(815301076,1909f56bfc062723c751e8b465ee728b)
Start importing Assets/Yughues Fabric Materials/Carpet 05 using Guid(2cb8caae1ad574f75a7d26939be7ade1) Importer(815301076,1909f56bfc062723c751e8b465ee728b)  -> (artifact id: 'd0f0c73be340b808b9e02a64b6dc5d76') in 0.001670 seconds
Number of updated asset objects reloaded before import = 0
Number of asset objects unloaded after import = 0
========================================================================
Received Import Request.
  Time since last request: 0.079481 seconds.
  path: Assets/Yughues Fabric Materials/Carpet 05/Carpet pattern 05.mat
  artifactKey: Guid(2ca1fe89708f0cb4dbf18958eca8c1c1) Importer(815301076,1909f56bfc062723c751e8b465ee728b)
Start importing Assets/Yughues Fabric Materials/Carpet 05/Carpet pattern 05.mat using Guid(2ca1fe89708f0cb4dbf18958eca8c1c1) Importer(815301076,1909f56bfc062723c751e8b465ee728b)  -> (artifact id: '95aed09c18f293e6b6c82cda85bfda3f') in 0.028194 seconds
Number of updated asset objects reloaded before import = 0
Number of asset objects unloaded after import = 3
========================================================================
Received Import Request.
  Time since last request: 143.861410 seconds.
  path: Assets/BarProps/Materials
  artifactKey: Guid(1b13da8b727c4b1468c78eec9c112ef9) Importer(815301076,1909f56bfc062723c751e8b465ee728b)
Start importing Assets/BarProps/Materials using Guid(1b13da8b727c4b1468c78eec9c112ef9) Importer(815301076,1909f56bfc062723c751e8b465ee728b)  -> (artifact id: '61cb4591e435a0641657baccc7f86b09') in 0.009613 seconds
Number of updated asset objects reloaded before import = 0
Number of asset objects unloaded after import = 0
========================================================================
Received Import Request.
  Time since last request: 1.310628 seconds.
  path: Assets/BarProps/Credits.txt
  artifactKey: Guid(aef4530bbb7400147aaf55369325fa47) Importer(815301076,1909f56bfc062723c751e8b465ee728b)
Start importing Assets/BarProps/Credits.txt using Guid(aef4530bbb7400147aaf55369325fa47) Importer(815301076,1909f56bfc062723c751e8b465ee728b)  -> (artifact id: '132f80ea6fb50bd2a047fc930b3a3569') in 0.005696 seconds
Number of updated asset objects reloaded before import = 0
Number of asset objects unloaded after import = 1
========================================================================
Received Import Request.
  Time since last request: 1.064498 seconds.
  path: Assets/BarProps/Prefabs
  artifactKey: Guid(40e15b3e6306c044285bb16d42df0a4f) Importer(815301076,1909f56bfc062723c751e8b465ee728b)
Start importing Assets/BarProps/Prefabs using Guid(40e15b3e6306c044285bb16d42df0a4f) Importer(815301076,1909f56bfc062723c751e8b465ee728b)  -> (artifact id: '58470c7199874e7e75072f566ee402a5') in 0.000641 seconds
Number of updated asset objects reloaded before import = 0
Number of asset objects unloaded after import = 0
========================================================================
Received Import Request.
  Time since last request: 0.103836 seconds.
  path: Assets/BarProps/Prefabs/OldSchoolBarstoolBacked.dae
  artifactKey: Guid(1b743ccd38691d542850f73f43bef3ef) Importer(815301076,1909f56bfc062723c751e8b465ee728b)
Start importing Assets/BarProps/Prefabs/OldSchoolBarstoolBacked.dae using Guid(1b743ccd38691d542850f73f43bef3ef) Importer(815301076,1909f56bfc062723c751e8b465ee728b)  -> (artifact id: '84f7a1795e1f14ebcbdfe39afa7cf642') in 0.758415 seconds
Number of updated asset objects reloaded before import = 0
Number of asset objects unloaded after import = 11
========================================================================
Received Import Request.
  Time since last request: 0.000078 seconds.
  path: Assets/BarProps/Prefabs/TallSquareTable.dae
  artifactKey: Guid(61cdc424adb3dac4489b3fcb4ee253a3) Importer(815301076,1909f56bfc062723c751e8b465ee728b)
Start importing Assets/BarProps/Prefabs/TallSquareTable.dae using Guid(61cdc424adb3dac4489b3fcb4ee253a3) Importer(815301076,1909f56bfc062723c751e8b465ee728b)  -> (artifact id: '244e2e5121621da7eefd89904b3fe7da') in 0.034482 seconds
Number of updated asset objects reloaded before import = 0
Number of asset objects unloaded after import = 11
========================================================================
Received Import Request.
  Time since last request: 0.000061 seconds.
  path: Assets/BarProps/Prefabs/TallRoundTable.dae
  artifactKey: Guid(63fca6f7605661246ba17828e535919e) Importer(815301076,1909f56bfc062723c751e8b465ee728b)
Start importing Assets/BarProps/Prefabs/TallRoundTable.dae using Guid(63fca6f7605661246ba17828e535919e) Importer(815301076,1909f56bfc062723c751e8b465ee728b)  -> (artifact id: 'a05a60bae705c534da1061c7d4db3f65') in 0.045848 seconds
Number of updated asset objects reloaded before import = 0
Number of asset objects unloaded after import = 11
========================================================================
Received Import Request.
  Time since last request: 0.000088 seconds.
  path: Assets/BarProps/Prefabs/RoundTable.dae
  artifactKey: Guid(2a4091fd6acfbeb468005c5cf0e37038) Importer(815301076,1909f56bfc062723c751e8b465ee728b)
Start importing Assets/BarProps/Prefabs/RoundTable.dae using Guid(2a4091fd6acfbeb468005c5cf0e37038) Importer(815301076,1909f56bfc062723c751e8b465ee728b)  -> (artifact id: 'b68e06dc347cc0a1f64db28f16625fc1') in 0.031864 seconds
Number of updated asset objects reloaded before import = 0
Number of asset objects unloaded after import = 11
========================================================================
Received Import Request.
  Time since last request: 0.000061 seconds.
  path: Assets/BarProps/Prefabs/WoodenSeatBacked.dae
  artifactKey: Guid(e5f6c578761bc4e41a03985bf01ba61b) Importer(815301076,1909f56bfc062723c751e8b465ee728b)
Start importing Assets/BarProps/Prefabs/WoodenSeatBacked.dae using Guid(e5f6c578761bc4e41a03985bf01ba61b) Importer(815301076,1909f56bfc062723c751e8b465ee728b)  -> (artifact id: '08760489551544092e46cb03ac3fec5a') in 0.041793 seconds
Number of updated asset objects reloaded before import = 0
Number of asset objects unloaded after import = 11
